[patch] OnlineDIFEFitter.BETA_BOUNDS = (0.05, 1.0)
[skip] seed=0 method=FT — already done
  Progress: 1/30  elapsed=0s
[skip] seed=1 method=FT — already done
  Progress: 2/30  elapsed=0s
[skip] seed=2 method=FT — already done
  Progress: 3/30  elapsed=0s
[skip] seed=3 method=FT — already done
  Progress: 4/30  elapsed=0s

============================================================
  BETA-RERUN: seed=4 method=FT beta_min=0.05
  bench=split_cifar  epochs/task=3  r_max=0.3
============================================================
[split_cifar] Loaded cached grid search params: EWC lambda=1000.0, SI c=0.01
  [FT] task 1: ['0.950']
  [FT] task 2: ['0.681', '0.823']
  [FT] task 3: ['0.655', '0.674', '0.913']
  [FT] task 4: ['0.326', '0.515', '0.648', '0.951']
  [FT] task 5: ['0.751', '0.603', '0.536', '0.582', '0.945']
[done] seed=4 method=FT AA=0.683 AF=0.291 replay=0
  Progress: 5/30  elapsed=951s

============================================================
  BETA-RERUN: seed=0 method=ConstReplay_0.1 beta_min=0.05
  bench=split_cifar  epochs/task=3  r_max=0.3
============================================================
[split_cifar] Loaded cached grid search params: EWC lambda=1000.0, SI c=0.01
  [ConstReplay_0.1] task 1: ['0.943']
  [ConstReplay_0.1] task 2: ['0.878', '0.822']
  [ConstReplay_0.1] task 3: ['0.852', '0.740', '0.891']
  [ConstReplay_0.1] task 4: ['0.686', '0.587', '0.689', '0.959']
