[patch] OnlineDIFEFitter.BETA_BOUNDS = (0.1, 1.0)

============================================================
  BETA-RERUN: seed=0 method=FT beta_min=0.1
  bench=split_cifar  epochs/task=3  r_max=0.3
============================================================
[split_cifar] Loaded cached grid search params: EWC lambda=1000.0, SI c=0.01
  [FT] task 1: ['0.943']
  [FT] task 2: ['0.772', '0.814']
  [FT] task 3: ['0.598', '0.664', '0.900']
  [FT] task 4: ['0.436', '0.506', '0.613', '0.970']
  [FT] task 5: ['0.754', '0.615', '0.549', '0.634', '0.951']
[done] seed=0 method=FT AA=0.701 AF=0.269 replay=0
  Progress: 1/30  elapsed=993s

============================================================
  BETA-RERUN: seed=1 method=FT beta_min=0.1
  bench=split_cifar  epochs/task=3  r_max=0.3
============================================================
[split_cifar] Loaded cached grid search params: EWC lambda=1000.0, SI c=0.01
  [FT] task 1: ['0.951']
  [FT] task 2: ['0.634', '0.843']
  [FT] task 3: ['0.679', '0.662', '0.900']
  [FT] task 4: ['0.508', '0.518', '0.593', '0.937']
  [FT] task 5: ['0.783', '0.589', '0.529', '0.603', '0.940']
[done] seed=1 method=FT AA=0.689 AF=0.282 replay=0
  Progress: 2/30  elapsed=1905s

============================================================
  BETA-RERUN: seed=2 method=FT beta_min=0.1
  bench=split_cifar  epochs/task=3  r_max=0.3
============================================================
[split_cifar] Loaded cached grid search params: EWC lambda=1000.0, SI c=0.01
