[2026-03-20T05:34:06Z] Watchdog started (stall_threshold=600s, check_interval=60s)
[2026-03-20T05:34:06Z] Watchdog started (stall_threshold=600s, check_interval=60s)
[2026-03-20T05:34:06Z] Starting beta005 process...
[2026-03-20T05:34:06Z] Starting beta005 process...
[2026-03-20T05:34:06Z] beta005 PID=2105
[2026-03-20T05:34:06Z] beta005 PID=2105
[2026-03-20T05:34:06Z] Starting beta010 process...
[2026-03-20T05:34:06Z] Starting beta010 process...
[2026-03-20T05:34:06Z] beta010 PID=2116
[2026-03-20T05:34:06Z] beta010 PID=2116
[2026-03-20T05:35:06Z] beta005: running=true results=4/30 last_result_age=8531s
[2026-03-20T05:35:06Z] beta005: running=true results=4/30 last_result_age=8531s
[2026-03-20T05:35:06Z] beta005 STALLED (age=8531s). Killing PID 2105 and restarting...
[2026-03-20T05:35:06Z] beta005 STALLED (age=8531s). Killing PID 2105 and restarting...
[2026-03-20T05:35:09Z] Starting beta005 process...
[2026-03-20T05:35:09Z] Starting beta005 process...
[2026-03-20T05:35:09Z] beta005 PID=2557
[2026-03-20T05:35:09Z] beta005 PID=2557
[2026-03-20T05:35:09Z] beta010: running=true results=0/30 last_result_age=99999s
[2026-03-20T05:35:09Z] beta010: running=true results=0/30 last_result_age=99999s
[2026-03-20T05:35:09Z] beta010 STALLED (age=99999s). Killing PID 2116 and restarting...
[2026-03-20T05:35:09Z] beta010 STALLED (age=99999s). Killing PID 2116 and restarting...
[2026-03-20T05:35:12Z] Starting beta010 process...
[2026-03-20T05:35:12Z] Starting beta010 process...
[2026-03-20T05:35:12Z] beta010 PID=2591
[2026-03-20T05:35:12Z] beta010 PID=2591
[2026-03-20T05:36:13Z] beta005: running=true results=4/30 last_result_age=8598s
[2026-03-20T05:36:13Z] beta005: running=true results=4/30 last_result_age=8598s
[2026-03-20T05:36:13Z] beta005 STALLED (age=8598s). Killing PID 2557 and restarting...
[2026-03-20T05:36:13Z] beta005 STALLED (age=8598s). Killing PID 2557 and restarting...
[2026-03-20T05:36:16Z] Starting beta005 process...
[2026-03-20T05:36:16Z] Starting beta005 process...
[2026-03-20T05:36:16Z] beta005 PID=2642
[2026-03-20T05:36:16Z] beta005 PID=2642
[2026-03-20T05:36:16Z] beta010: running=true results=0/30 last_result_age=99999s
[2026-03-20T05:36:16Z] beta010: running=true results=0/30 last_result_age=99999s
[2026-03-20T05:36:16Z] beta010 STALLED (age=99999s). Killing PID 2591 and restarting...
[2026-03-20T05:36:16Z] beta010 STALLED (age=99999s). Killing PID 2591 and restarting...
[2026-03-20T05:36:19Z] Starting beta010 process...
[2026-03-20T05:36:19Z] Starting beta010 process...
[2026-03-20T05:36:19Z] beta010 PID=2678
[2026-03-20T05:36:19Z] beta010 PID=2678
[2026-03-20T05:37:19Z] beta005: running=true results=4/30 last_result_age=8664s
[2026-03-20T05:37:19Z] beta005: running=true results=4/30 last_result_age=8664s
[2026-03-20T05:37:19Z] beta005 STALLED (age=8664s). Killing PID 2642 and restarting...
[2026-03-20T05:37:19Z] beta005 STALLED (age=8664s). Killing PID 2642 and restarting...
[2026-03-20T05:37:22Z] Starting beta005 process...
[2026-03-20T05:37:22Z] Starting beta005 process...
[2026-03-20T05:37:22Z] beta005 PID=2728
[2026-03-20T05:37:22Z] beta005 PID=2728
[2026-03-20T05:37:22Z] beta010: running=true results=0/30 last_result_age=99999s
[2026-03-20T05:37:22Z] beta010: running=true results=0/30 last_result_age=99999s
[2026-03-20T05:37:22Z] beta010 STALLED (age=99999s). Killing PID 2678 and restarting...
[2026-03-20T05:37:22Z] beta010 STALLED (age=99999s). Killing PID 2678 and restarting...
[2026-03-20T05:37:25Z] Starting beta010 process...
[2026-03-20T05:37:25Z] Starting beta010 process...
[2026-03-20T05:37:25Z] beta010 PID=2762
[2026-03-20T05:37:25Z] beta010 PID=2762
[2026-03-20T06:03:33Z] === Watchdog started (stall_grace=600s, interval=60s) ===
[2026-03-20T06:03:33Z] Starting beta005 (--beta-min 0.05)...
[2026-03-20T06:03:33Z] beta005 PID=2478
[2026-03-20T06:03:33Z] Starting beta010 (--beta-min 0.10)...
[2026-03-20T06:03:33Z] beta010 PID=2490
